<?xml version="1.0" encoding="UTF-8"?>
<!-- Generated by org.testng.reporters.JUnitReportReporter -->
<testsuite hostname="DESKTOP-0Q0MDNV" failures="0" tests="1" name="SumValidtion" time="0.997" errors="0" timestamp="30 Jun 2024 04:21:42 GMT">
  <testcase classname="SumValidtion" name="sumOfCourses" time="0.997"/>
</testsuite> <!-- SumValidtion -->
